CCS PCM C Compiler, Version 5.076, 56587               12-Jun-20 18:35

               Filename:   C:\code\pic-c-compiler\blink\blink.lst

               ROM used:   58 words (3%)
                           Largest free fragment is 1990
               RAM used:   6 (3%) at main() level
                           7 (3%) worst case
               Stack used: 0 locations
               Stack size: 8

*
0000:  MOVLW  00
0001:  MOVWF  0A
0002:  GOTO   019
0003:  NOP
.................... #include <16F628A.h> 
.................... //////////// Standard Header file for the PIC16F628A device //////////////// 
.................... /////////////////////////////////////////////////////////////////////////// 
.................... ////        (C) Copyright 1996, 2014 Custom Computer Services          //// 
.................... //// This source code may only be used by licensed users of the CCS C  //// 
.................... //// compiler.  This source code may only be distributed to other      //// 
.................... //// licensed users of the CCS C compiler.  No other use, reproduction //// 
.................... //// or distribution is permitted without written permission.          //// 
.................... //// Derivative programs created using this software in object code    //// 
.................... //// form are not restricted in any way.                               //// 
.................... /////////////////////////////////////////////////////////////////////////// 
.................... #device PIC16F628A 
....................  
.................... #list 
....................  
.................... #fuses XT, NOWDT, NOMCLR 
.................... #use delay(clock=4M) 
0004:  MOVLW  22
0005:  MOVWF  04
0006:  BCF    03.7
0007:  MOVF   00,W
0008:  BTFSC  03.2
0009:  GOTO   018
000A:  MOVLW  01
000B:  MOVWF  78
000C:  CLRF   77
000D:  DECFSZ 77,F
000E:  GOTO   00D
000F:  DECFSZ 78,F
0010:  GOTO   00C
0011:  MOVLW  4A
0012:  MOVWF  77
0013:  DECFSZ 77,F
0014:  GOTO   013
0015:  GOTO   016
0016:  DECFSZ 00,F
0017:  GOTO   00A
0018:  RETURN
....................  
.................... #define led pin_b0 
....................  
.................... void main() 
0019:  MOVF   03,W
001A:  ANDLW  1F
001B:  MOVWF  03
001C:  MOVLW  07
001D:  MOVWF  1F
001E:  BCF    03.7
.................... { 
....................    set_tris_b(0x00); 
001F:  MOVLW  00
0020:  BSF    03.5
0021:  MOVWF  06
....................    do { 
....................       output_high(led); 
0022:  BCF    06.0
0023:  BCF    03.5
0024:  BSF    06.0
....................       delay_ms(1000); 
0025:  MOVLW  04
0026:  MOVWF  21
0027:  MOVLW  FA
0028:  MOVWF  22
0029:  CALL   004
002A:  DECFSZ 21,F
002B:  GOTO   027
....................       output_low(led); 
002C:  BSF    03.5
002D:  BCF    06.0
002E:  BCF    03.5
002F:  BCF    06.0
....................       delay_ms(1000); 
0030:  MOVLW  04
0031:  MOVWF  21
0032:  MOVLW  FA
0033:  MOVWF  22
0034:  CALL   004
0035:  DECFSZ 21,F
0036:  GOTO   032
....................    }  
....................    while(TRUE); 
0037:  BSF    03.5
0038:  GOTO   022
.................... } 
0039:  SLEEP

Configuration Fuses:
   Word  1: 3F41   NOWDT PUT XT NOMCLR BROWNOUT NOLVP NOCPD NOPROTECT
