
ROM used:   58/2048 (3%)
            58/2048 (3%) including unused fragments

            0.1 Average locations per line
            8.3 Average locations per statement

RAM used:   6/224 (3%) at main() level
            7/224 (3%) worst case

Stack used: 0 worst case (0 in main + 0 for interrupts)
Stack size: 8

Lines Stmts  %   Files
----- ----- ---  -----
   18     7 100  blink.c
  529     0   0  ..\..\..\Program Files (x86)\PICC\Devices\16F628A.h
----- -----
  547     7 Total

Page ROM  %  RAM    Vol Diff  Functions:
---- --- --- ---    --- ----  ----------
0     21  36    1             @delay_ms1
0     33  57    1    117  2.1  main
 Inline         0             @cinit1

Program metrics:
    Functions               1
    Statements              7
    Comments                103
    Volume (V)              121
    Difficulty (D)          1.8
    Effort to implement (E) 222
    Time to implement (T)   0 minutes
    Est Delivered Bugs (B)  0
    Cyclomatic Complexity   1
    Maintainability (MI)    114

 Segment     Used  Free
-----------  ----  ----
00000-00003     4  0  
00004-007FF    54  1990  



