
ROM used:   69/2048 (3%)
            69/2048 (3%) including unused fragments

            0.1 Average locations per line
            9.9 Average locations per statement

RAM used:   7/224 (3%) at main() level
            8/224 (4%) worst case

Stack used: 0 worst case (0 in main + 0 for interrupts)
Stack size: 8

Lines Stmts  %   Files
----- ----- ---  -----
   19     7 100  display-7-segmentos-anodo.c
  529     0   0  ..\..\..\Program Files (x86)\PICC\Devices\16F628A.h
----- -----
  548     7 Total

Page ROM  %  RAM    Vol Diff  Functions:
---- --- --- ---    --- ----  ----------
0     21  30    1             @delay_ms1
0     14  20    0             @const569
0     30  43    2    158  3.9  main
 Inline         0             @cinit1

Program metrics:
    Functions               1
    Statements              7
    Comments                103
    Volume (V)              163
    Difficulty (D)          3.3
    Effort to implement (E) 542
    Time to implement (T)   1 minutes
    Est Delivered Bugs (B)  0
    Cyclomatic Complexity   1
    Maintainability (MI)    112

 Segment     Used  Free
-----------  ----  ----
00000-00003     4  0  
00004-007FF    65  1979  



